Build started 07/02/2017 03:28:44.
     1>Project "D:\Stuff\Game prog\ASSIGNMENT\gppassignmentLATEST\PlanetCollision.vcxproj" on node 2 (Build target(s)).
     1>ClCompile:
         C:\Program Files (x86)\Microsoft Visual Studio 12.0\VC\bin\CL.exe /c /IC:\Users\NPStudent\Source\Repos\gppassignment22 /I"C:\Program Files (x86)\Microsoft DirectX SDK (June 2010)\\Include" /ZI /nologo /W3 /WX- /Od /Oy- /D _MBCS /Gm /EHsc /RTC1 /MDd /GS /fp:precise /Zc:wchar_t /Zc:forScope /Fo"Debug\\" /Fd"Debug\vc120.pdb" /Gd /TP /analyze- /errorReport:prompt Assist_Tank.cpp Assist_Tank_bullet.cpp Boss_Spaceship.cpp Cannonball.cpp Descent.cpp Player.cpp Powerup.cpp Spaceship.cpp Spaceship_bullet.cpp entity.cpp game.cpp graphics.cpp image.cpp input.cpp shell.cpp textDX.cpp textureManager.cpp winmain.cpp
     1>cl : Command line warning D9028: minimal rebuild failure, reverting to normal build
         Assist_Tank.cpp
     1>d:\stuff\game prog\assignment\gppassignmentlatest\assist_tank.cpp : fatal error C1041: cannot open program database 'd:\stuff\game prog\assignment\gppassignmentlatest\debug\vc120.idb'; if multiple CL.EXE write to the same .PDB file, please use /FS
         Assist_Tank_bullet.cpp
     1>d:\stuff\game prog\assignment\gppassignmentlatest\assist_tank_bullet.cpp : fatal error C1041: cannot open program database 'd:\stuff\game prog\assignment\gppassignmentlatest\debug\vc120.idb'; if multiple CL.EXE write to the same .PDB file, please use /FS
         Boss_Spaceship.cpp
     1>d:\stuff\game prog\assignment\gppassignmentlatest\boss_spaceship.cpp : fatal error C1041: cannot open program database 'd:\stuff\game prog\assignment\gppassignmentlatest\debug\vc120.idb'; if multiple CL.EXE write to the same .PDB file, please use /FS
         Cannonball.cpp
     1>d:\stuff\game prog\assignment\gppassignmentlatest\cannonball.cpp : fatal error C1041: cannot open program database 'd:\stuff\game prog\assignment\gppassignmentlatest\debug\vc120.idb'; if multiple CL.EXE write to the same .PDB file, please use /FS
         Descent.cpp
     1>d:\stuff\game prog\assignment\gppassignmentlatest\descent.cpp : fatal error C1041: cannot open program database 'd:\stuff\game prog\assignment\gppassignmentlatest\debug\vc120.idb'; if multiple CL.EXE write to the same .PDB file, please use /FS
         Player.cpp
     1>d:\stuff\game prog\assignment\gppassignmentlatest\player.cpp : fatal error C1041: cannot open program database 'd:\stuff\game prog\assignment\gppassignmentlatest\debug\vc120.idb'; if multiple CL.EXE write to the same .PDB file, please use /FS
         Powerup.cpp
     1>d:\stuff\game prog\assignment\gppassignmentlatest\powerup.cpp : fatal error C1041: cannot open program database 'd:\stuff\game prog\assignment\gppassignmentlatest\debug\vc120.pdb'; if multiple CL.EXE write to the same .PDB file, please use /FS
         Spaceship.cpp
     1>d:\stuff\game prog\assignment\gppassignmentlatest\spaceship.cpp : fatal error C1041: cannot open program database 'd:\stuff\game prog\assignment\gppassignmentlatest\debug\vc120.pdb'; if multiple CL.EXE write to the same .PDB file, please use /FS
         Spaceship_bullet.cpp
     1>d:\stuff\game prog\assignment\gppassignmentlatest\constants.h(131): error C2370: 'WAVE_1_SPACESHIPS_HEALTH' : redefinition; different storage class
                 d:\stuff\game prog\assignment\gppassignmentlatest\constants.h(121) : see declaration of 'WAVE_1_SPACESHIPS_HEALTH'
     1>d:\stuff\game prog\assignment\gppassignmentlatest\constants.h(132): error C2370: 'WAVE_2_SPACESHIPS_HEALTH' : redefinition; different storage class
                 d:\stuff\game prog\assignment\gppassignmentlatest\constants.h(122) : see declaration of 'WAVE_2_SPACESHIPS_HEALTH'
         entity.cpp
     1>d:\stuff\game prog\assignment\gppassignmentlatest\constants.h(131): error C2370: 'WAVE_1_SPACESHIPS_HEALTH' : redefinition; different storage class
                 d:\stuff\game prog\assignment\gppassignmentlatest\constants.h(121) : see declaration of 'WAVE_1_SPACESHIPS_HEALTH'
     1>d:\stuff\game prog\assignment\gppassignmentlatest\constants.h(132): error C2370: 'WAVE_2_SPACESHIPS_HEALTH' : redefinition; different storage class
                 d:\stuff\game prog\assignment\gppassignmentlatest\constants.h(122) : see declaration of 'WAVE_2_SPACESHIPS_HEALTH'
         game.cpp
     1>d:\stuff\game prog\assignment\gppassignmentlatest\constants.h(131): error C2370: 'WAVE_1_SPACESHIPS_HEALTH' : redefinition; different storage class
                 d:\stuff\game prog\assignment\gppassignmentlatest\constants.h(121) : see declaration of 'WAVE_1_SPACESHIPS_HEALTH'
     1>d:\stuff\game prog\assignment\gppassignmentlatest\constants.h(132): error C2370: 'WAVE_2_SPACESHIPS_HEALTH' : redefinition; different storage class
                 d:\stuff\game prog\assignment\gppassignmentlatest\constants.h(122) : see declaration of 'WAVE_2_SPACESHIPS_HEALTH'
         graphics.cpp
     1>d:\stuff\game prog\assignment\gppassignmentlatest\graphics.cpp : fatal error C1041: cannot open program database 'd:\stuff\game prog\assignment\gppassignmentlatest\debug\vc120.idb'; if multiple CL.EXE write to the same .PDB file, please use /FS
         image.cpp
     1>d:\stuff\game prog\assignment\gppassignmentlatest\image.cpp : fatal error C1041: cannot open program database 'd:\stuff\game prog\assignment\gppassignmentlatest\debug\vc120.idb'; if multiple CL.EXE write to the same .PDB file, please use /FS
         input.cpp
     1>d:\stuff\game prog\assignment\gppassignmentlatest\input.cpp : fatal error C1041: cannot open program database 'd:\stuff\game prog\assignment\gppassignmentlatest\debug\vc120.idb'; if multiple CL.EXE write to the same .PDB file, please use /FS
         shell.cpp
     1>d:\stuff\game prog\assignment\gppassignmentlatest\shell.cpp : fatal error C1041: cannot open program database 'd:\stuff\game prog\assignment\gppassignmentlatest\debug\vc120.idb'; if multiple CL.EXE write to the same .PDB file, please use /FS
         textDX.cpp
     1>d:\stuff\game prog\assignment\gppassignmentlatest\textdx.cpp : fatal error C1041: cannot open program database 'd:\stuff\game prog\assignment\gppassignmentlatest\debug\vc120.idb'; if multiple CL.EXE write to the same .PDB file, please use /FS
         textureManager.cpp
     1>d:\stuff\game prog\assignment\gppassignmentlatest\texturemanager.cpp : fatal error C1041: cannot open program database 'd:\stuff\game prog\assignment\gppassignmentlatest\debug\vc120.idb'; if multiple CL.EXE write to the same .PDB file, please use /FS
         winmain.cpp
     1>d:\stuff\game prog\assignment\gppassignmentlatest\winmain.cpp : fatal error C1041: cannot open program database 'd:\stuff\game prog\assignment\gppassignmentlatest\debug\vc120.idb'; if multiple CL.EXE write to the same .PDB file, please use /FS
         Generating Code...
     1>Done Building Project "D:\Stuff\Game prog\ASSIGNMENT\gppassignmentLATEST\PlanetCollision.vcxproj" (Build target(s)) -- FAILED.

Build FAILED.

Time Elapsed 00:00:01.46
