Build started 10/1/2017 8:18:08 PM.
     1>Project "D:\Programming\GPP\BareBones Game Engine\PlanetCollision.vcxproj" on node 2 (Build target(s)).
     1>ClCompile:
         C:\Program Files (x86)\Microsoft Visual Studio 12.0\VC\bin\CL.exe /c /I"C:\Program Files (x86)\Microsoft DirectX SDK (June 2010)\\Include" /Zi /nologo /W3 /WX- /O2 /Oi /Oy- /GL /D _MBCS /Gm- /EHsc /MT /GS /Gy /fp:precise /Zc:wchar_t /Zc:forScope /Fo"Release\\" /Fd"Release\vc120.pdb" /Gd /TP /analyze- /errorReport:prompt spacewar.cpp winmain.cpp
         spacewar.cpp
         winmain.cpp
       Link:
         C:\Program Files (x86)\Microsoft Visual Studio 12.0\VC\bin\link.exe /ERRORREPORT:PROMPT /OUT:"D:\Programming\GPP\BareBones Game Engine\Release\PlanetCollision.exe" /NOLOGO /LIBPATH:"C:\Program Files (x86)\Microsoft DirectX SDK (June 2010)\\Lib\x86" d3d9.lib d3dx9.lib winmm.lib xinput.lib kernel32.lib user32.lib gdi32.lib winspool.lib comdlg32.lib advapi32.lib shell32.lib ole32.lib oleaut32.lib uuid.lib odbc32.lib odbccp32.lib /MANIFEST /MANIFESTUAC:"level='asInvoker' uiAccess='false'" /manifest:embed /DEBUG /PDB:"D:\Programming\GPP\BareBones Game Engine\Release\PlanetCollision.pdb" /OPT:REF /OPT:ICF /LTCG /TLBID:1 /DYNAMICBASE /NXCOMPAT /IMPLIB:"D:\Programming\GPP\BareBones Game Engine\Release\PlanetCollision.lib" /MACHINE:X86 /SAFESEH Release\entity.obj
         Release\game.obj
         Release\graphics.obj
         Release\image.obj
         Release\input.obj
         Release\spacewar.obj
         Release\textureManager.obj
         Release\winmain.obj
     1>spacewar.obj : error LNK2001: unresolved external symbol "public: __thiscall Object::Object(void)" (??0Object@@QAE@XZ)
     1>D:\Programming\GPP\BareBones Game Engine\Release\PlanetCollision.exe : fatal error LNK1120: 1 unresolved externals
     1>Done Building Project "D:\Programming\GPP\BareBones Game Engine\PlanetCollision.vcxproj" (Build target(s)) -- FAILED.

Build FAILED.

Time Elapsed 00:00:01.54
